0 info it worked if it ends with ok
1 verbose cli [ 'C:\\Program Files\\nodejs\\node.exe',
1 verbose cli   'C:\\Program Files\\nodejs\\node_modules\\npm\\bin\\npm-cli.js',
1 verbose cli   'install',
1 verbose cli   'angular-eonasdan-datetimepicker',
1 verbose cli   '--save' ]
2 info using npm@2.15.8
3 info using node@v4.4.7
4 verbose install initial load of C:\inetpub\wwwroot\BSSAPI\VSP\package.json
5 warn package.json eba-sp@1.0.0 No repository field.
6 verbose installManyTop reading scoped package data from C:\inetpub\wwwroot\BSSAPI\VSP\node_modules\angular-cookies\package.json
7 verbose installManyTop reading scoped package data from C:\inetpub\wwwroot\BSSAPI\VSP\node_modules\bootstrap\package.json
8 verbose installManyTop reading scoped package data from C:\inetpub\wwwroot\BSSAPI\VSP\node_modules\eonasdan-bootstrap-datetimepicker\package.json
9 verbose installManyTop reading scoped package data from C:\inetpub\wwwroot\BSSAPI\VSP\node_modules\font-awesome\package.json
10 verbose installManyTop reading scoped package data from C:\inetpub\wwwroot\BSSAPI\VSP\node_modules\jquery\package.json
11 verbose installManyTop reading scoped package data from C:\inetpub\wwwroot\BSSAPI\VSP\node_modules\moment\package.json
12 verbose installManyTop reading scoped package data from C:\inetpub\wwwroot\BSSAPI\VSP\node_modules\moment-timezone\package.json
13 verbose installManyTop reading scoped package data from C:\inetpub\wwwroot\BSSAPI\VSP\node_modules\ng-file-upload\package.json
14 verbose readDependencies loading dependencies from C:\inetpub\wwwroot\BSSAPI\VSP\package.json
15 silly cache add args [ 'angular-eonasdan-datetimepicker', null ]
16 verbose cache add spec angular-eonasdan-datetimepicker
17 silly cache add parsed spec Result {
17 silly cache add   raw: 'angular-eonasdan-datetimepicker',
17 silly cache add   scope: null,
17 silly cache add   name: 'angular-eonasdan-datetimepicker',
17 silly cache add   rawSpec: '',
17 silly cache add   spec: 'latest',
17 silly cache add   type: 'tag' }
18 silly addNamed angular-eonasdan-datetimepicker@latest
19 verbose addNamed "latest" is being treated as a dist-tag for angular-eonasdan-datetimepicker
20 info addNameTag [ 'angular-eonasdan-datetimepicker', 'latest' ]
21 silly mapToRegistry name angular-eonasdan-datetimepicker
22 silly mapToRegistry using default registry
23 silly mapToRegistry registry https://registry.npmjs.org/
24 silly mapToRegistry data Result {
24 silly mapToRegistry   raw: 'angular-eonasdan-datetimepicker',
24 silly mapToRegistry   scope: null,
24 silly mapToRegistry   name: 'angular-eonasdan-datetimepicker',
24 silly mapToRegistry   rawSpec: '',
24 silly mapToRegistry   spec: 'latest',
24 silly mapToRegistry   type: 'tag' }
25 silly mapToRegistry uri https://registry.npmjs.org/angular-eonasdan-datetimepicker
26 verbose addNameTag registry:https://registry.npmjs.org/angular-eonasdan-datetimepicker not in flight; fetching
27 verbose request uri https://registry.npmjs.org/angular-eonasdan-datetimepicker
28 verbose request no auth needed
29 info attempt registry request try #1 at 20:04:10
30 verbose request id f6911d74651b7047
31 http request GET https://registry.npmjs.org/angular-eonasdan-datetimepicker
32 http 200 https://registry.npmjs.org/angular-eonasdan-datetimepicker
33 verbose headers { server: 'nginx/1.10.1',
33 verbose headers   'content-type': 'application/json',
33 verbose headers   'last-modified': 'Fri, 03 Feb 2017 09:16:25 GMT',
33 verbose headers   etag: 'W/"58944a69-6388"',
33 verbose headers   'content-encoding': 'gzip',
33 verbose headers   'cache-control': 'max-age=300',
33 verbose headers   'content-length': '3912',
33 verbose headers   'accept-ranges': 'bytes',
33 verbose headers   date: 'Sun, 05 Mar 2017 12:04:13 GMT',
33 verbose headers   via: '1.1 varnish',
33 verbose headers   age: '0',
33 verbose headers   connection: 'keep-alive',
33 verbose headers   'x-served-by': 'cache-nrt6135-NRT',
33 verbose headers   'x-cache': 'MISS',
33 verbose headers   'x-cache-hits': '0',
33 verbose headers   'x-timer': 'S1488715452.824191,VS0,VE566',
33 verbose headers   vary: 'Accept-Encoding' }
34 silly get cb [ 200,
34 silly get   { server: 'nginx/1.10.1',
34 silly get     'content-type': 'application/json',
34 silly get     'last-modified': 'Fri, 03 Feb 2017 09:16:25 GMT',
34 silly get     etag: 'W/"58944a69-6388"',
34 silly get     'content-encoding': 'gzip',
34 silly get     'cache-control': 'max-age=300',
34 silly get     'content-length': '3912',
34 silly get     'accept-ranges': 'bytes',
34 silly get     date: 'Sun, 05 Mar 2017 12:04:13 GMT',
34 silly get     via: '1.1 varnish',
34 silly get     age: '0',
34 silly get     connection: 'keep-alive',
34 silly get     'x-served-by': 'cache-nrt6135-NRT',
34 silly get     'x-cache': 'MISS',
34 silly get     'x-cache-hits': '0',
34 silly get     'x-timer': 'S1488715452.824191,VS0,VE566',
34 silly get     vary: 'Accept-Encoding' } ]
35 verbose get saving angular-eonasdan-datetimepicker to C:\Users\zam\AppData\Roaming\npm-cache\registry.npmjs.org\angular-eonasdan-datetimepicker\.cache.json
36 verbose correctMkdir C:\Users\zam\AppData\Roaming\npm-cache correctMkdir not in flight; initializing
37 silly addNameTag next cb for angular-eonasdan-datetimepicker with tag latest
38 silly addNamed angular-eonasdan-datetimepicker@0.3.9
39 verbose addNamed "0.3.9" is a plain semver version for angular-eonasdan-datetimepicker
40 silly mapToRegistry name angular-eonasdan-datetimepicker
41 silly mapToRegistry using default registry
42 silly mapToRegistry registry https://registry.npmjs.org/
43 silly mapToRegistry data Result {
43 silly mapToRegistry   raw: 'angular-eonasdan-datetimepicker',
43 silly mapToRegistry   scope: null,
43 silly mapToRegistry   name: 'angular-eonasdan-datetimepicker',
43 silly mapToRegistry   rawSpec: '',
43 silly mapToRegistry   spec: 'latest',
43 silly mapToRegistry   type: 'tag' }
44 silly mapToRegistry uri https://registry.npmjs.org/angular-eonasdan-datetimepicker
45 verbose addRemoteTarball https://registry.npmjs.org/angular-eonasdan-datetimepicker/-/angular-eonasdan-datetimepicker-0.3.9.tgz not in flight; adding
46 verbose addRemoteTarball [ 'https://registry.npmjs.org/angular-eonasdan-datetimepicker/-/angular-eonasdan-datetimepicker-0.3.9.tgz',
46 verbose addRemoteTarball   'd3ec698c88a52239323da9296d400204ad468f29' ]
47 info retry fetch attempt 1 at 20:04:11
48 info attempt registry request try #1 at 20:04:11
49 http fetch GET https://registry.npmjs.org/angular-eonasdan-datetimepicker/-/angular-eonasdan-datetimepicker-0.3.9.tgz
50 http fetch 200 https://registry.npmjs.org/angular-eonasdan-datetimepicker/-/angular-eonasdan-datetimepicker-0.3.9.tgz
51 silly fetchAndShaCheck shasum d3ec698c88a52239323da9296d400204ad468f29
52 verbose addTmpTarball C:\Users\zam\AppData\Local\Temp\npm-5852-08033614\registry.npmjs.org\angular-eonasdan-datetimepicker\-\angular-eonasdan-datetimepicker-0.3.9.tgz not in flight; adding
53 verbose addTmpTarball already have metadata; skipping unpack for angular-eonasdan-datetimepicker@0.3.9
54 verbose correctMkdir C:\Users\zam\AppData\Roaming\npm-cache correctMkdir not in flight; initializing
55 silly cache afterAdd angular-eonasdan-datetimepicker@0.3.9
56 verbose afterAdd C:\Users\zam\AppData\Roaming\npm-cache\angular-eonasdan-datetimepicker\0.3.9\package\package.json not in flight; writing
57 verbose correctMkdir C:\Users\zam\AppData\Roaming\npm-cache correctMkdir not in flight; initializing
58 verbose afterAdd C:\Users\zam\AppData\Roaming\npm-cache\angular-eonasdan-datetimepicker\0.3.9\package\package.json written
59 silly install resolved [ { name: 'angular-eonasdan-datetimepicker',
59 silly install resolved     version: '0.3.9',
59 silly install resolved     author: { name: 'Michał Siatkowski', email: 'atais.jr@gmail.com' },
59 silly install resolved     description: 'A wrapper directive around the bootstrap-datetimepicker component.',
59 silly install resolved     main: 'dist/angular-eonasdan-datetimepicker.js',
59 silly install resolved     keywords:
59 silly install resolved      [ 'angular',
59 silly install resolved        'bootstrap',
59 silly install resolved        'datetimepicker',
59 silly install resolved        'directive',
59 silly install resolved        'wrapper' ],
59 silly install resolved     repository:
59 silly install resolved      { type: 'git',
59 silly install resolved        url: 'git://github.com/atais/angular-eonasdan-datetimepicker.git' },
59 silly install resolved     license: 'MIT',
59 silly install resolved     homepage: 'https://github.com/atais/angular-eonasdan-datetimepicker',
59 silly install resolved     scripts:
59 silly install resolved      { pretest: 'npm install',
59 silly install resolved        test: '(npm start > /dev/null &) && (gulp protractor)',
59 silly install resolved        start: 'http-server -a localhost -p 8000 -c-1 ./',
59 silly install resolved        dev: '(npm start > /dev/null &) && (gulp dev)' },
59 silly install resolved     peerDependencies:
59 silly install resolved      { angular: '*',
59 silly install resolved        bootstrap: '*',
59 silly install resolved        'eonasdan-bootstrap-datetimepicker': '~4',
59 silly install resolved        moment: '*',
59 silly install resolved        jquery: '~2' },
59 silly install resolved     devDependencies:
59 silly install resolved      { gulp: 'latest',
59 silly install resolved        'gulp-angular-protractor': 'latest',
59 silly install resolved        'gulp-debug': '^2.1.2',
59 silly install resolved        'gulp-jshint': '^2.0.0',
59 silly install resolved        'gulp-ng-annotate': '^1.1.0',
59 silly install resolved        'gulp-rename': '^1.2.2',
59 silly install resolved        'gulp-uglify': '^1.5.1',
59 silly install resolved        'http-server': '^0.9.0',
59 silly install resolved        'jasmine-reporters': '2.2.0',
59 silly install resolved        jshint: '^2.9.1' },
59 silly install resolved     dependencies:
59 silly install resolved      { angular: '^1.6.1',
59 silly install resolved        bootstrap: '^3.3.7',
59 silly install resolved        'eonasdan-bootstrap-datetimepicker': '^4.17.46',
59 silly install resolved        jquery: '^2.2.4',
59 silly install resolved        moment: '^2.17.1' },
59 silly install resolved     gitHead: '3499e11b02d59c79b3197fb757913c20ccc1db93',
59 silly install resolved     bugs: { url: 'https://github.com/atais/angular-eonasdan-datetimepicker/issues' },
59 silly install resolved     _id: 'angular-eonasdan-datetimepicker@0.3.9',
59 silly install resolved     _shasum: 'd3ec698c88a52239323da9296d400204ad468f29',
59 silly install resolved     _from: 'angular-eonasdan-datetimepicker@latest',
59 silly install resolved     _npmVersion: '3.10.10',
59 silly install resolved     _nodeVersion: '6.9.4',
59 silly install resolved     _npmUser: { name: 'atais', email: 'atais.jr@gmail.com' },
59 silly install resolved     dist:
59 silly install resolved      { shasum: 'd3ec698c88a52239323da9296d400204ad468f29',
59 silly install resolved        tarball: 'https://registry.npmjs.org/angular-eonasdan-datetimepicker/-/angular-eonasdan-datetimepicker-0.3.9.tgz' },
59 silly install resolved     maintainers: [ [Object] ],
59 silly install resolved     _npmOperationalInternal:
59 silly install resolved      { host: 'packages-18-east.internal.npmjs.com',
59 silly install resolved        tmp: 'tmp/angular-eonasdan-datetimepicker-0.3.9.tgz_1486113384625_0.7275073935743421' },
59 silly install resolved     directories: {},
59 silly install resolved     _resolved: 'https://registry.npmjs.org/angular-eonasdan-datetimepicker/-/angular-eonasdan-datetimepicker-0.3.9.tgz' } ]
60 info install angular-eonasdan-datetimepicker@0.3.9 into C:\inetpub\wwwroot\BSSAPI\VSP
61 info installOne angular-eonasdan-datetimepicker@0.3.9
62 verbose installOne of angular-eonasdan-datetimepicker to C:\inetpub\wwwroot\BSSAPI\VSP not in flight; installing
63 verbose correctMkdir C:\Users\zam\AppData\Roaming\npm-cache\_locks correctMkdir not in flight; initializing
64 verbose lock using C:\Users\zam\AppData\Roaming\npm-cache\_locks\angular-eonasdan-datetim-ec477046cae9bc16.lock for C:\inetpub\wwwroot\BSSAPI\VSP\node_modules\angular-eonasdan-datetimepicker
65 silly install write writing angular-eonasdan-datetimepicker 0.3.9 to C:\inetpub\wwwroot\BSSAPI\VSP\node_modules\angular-eonasdan-datetimepicker
66 verbose unbuild node_modules\angular-eonasdan-datetimepicker
67 silly gentlyRm C:\inetpub\wwwroot\BSSAPI\VSP\node_modules\angular-eonasdan-datetimepicker is being purged from base C:\inetpub\wwwroot\BSSAPI\VSP
68 verbose gentlyRm don't care about contents; nuking C:\inetpub\wwwroot\BSSAPI\VSP\node_modules\angular-eonasdan-datetimepicker
69 verbose tar unpack C:\Users\zam\AppData\Roaming\npm-cache\angular-eonasdan-datetimepicker\0.3.9\package.tgz
70 verbose tar unpacking to C:\inetpub\wwwroot\BSSAPI\VSP\node_modules\angular-eonasdan-datetimepicker
71 silly gentlyRm C:\inetpub\wwwroot\BSSAPI\VSP\node_modules\angular-eonasdan-datetimepicker is being purged
72 verbose gentlyRm don't care about contents; nuking C:\inetpub\wwwroot\BSSAPI\VSP\node_modules\angular-eonasdan-datetimepicker
73 silly gunzTarPerm modes [ '777', '666' ]
74 silly gunzTarPerm extractEntry package.json
75 silly gunzTarPerm modified mode [ 'package.json', 436, 438 ]
76 silly gunzTarPerm extractEntry .npmignore
77 silly gunzTarPerm modified mode [ '.npmignore', 436, 438 ]
78 silly gunzTarPerm extractEntry README.md
79 silly gunzTarPerm modified mode [ 'README.md', 436, 438 ]
80 silly gunzTarPerm extractEntry LICENSE
81 silly gunzTarPerm modified mode [ 'LICENSE', 436, 438 ]
82 silly gunzTarPerm extractEntry gulpfile.js
83 silly gunzTarPerm modified mode [ 'gulpfile.js', 436, 438 ]
84 silly gunzTarPerm extractEntry protractor.conf.js
85 silly gunzTarPerm modified mode [ 'protractor.conf.js', 436, 438 ]
86 silly gunzTarPerm extractEntry dist/angular-eonasdan-datetimepicker.js
87 silly gunzTarPerm modified mode [ 'dist/angular-eonasdan-datetimepicker.js', 436, 438 ]
88 silly gunzTarPerm extractEntry dist/angular-eonasdan-datetimepicker.min.js
89 silly gunzTarPerm modified mode [ 'dist/angular-eonasdan-datetimepicker.min.js', 436, 438 ]
90 silly gunzTarPerm extractEntry .travis.yml
91 silly gunzTarPerm modified mode [ '.travis.yml', 436, 438 ]
92 silly gunzTarPerm extractEntry examples/double-validation.js
93 silly gunzTarPerm modified mode [ 'examples/double-validation.js', 436, 438 ]
94 silly gunzTarPerm extractEntry examples/double.js
95 silly gunzTarPerm modified mode [ 'examples/double.js', 436, 438 ]
96 silly gunzTarPerm extractEntry examples/single.js
97 silly gunzTarPerm modified mode [ 'examples/single.js', 436, 438 ]
98 silly gunzTarPerm extractEntry examples/validation.js
99 silly gunzTarPerm modified mode [ 'examples/validation.js', 436, 438 ]
100 silly gunzTarPerm extractEntry examples/double-validation.html
101 silly gunzTarPerm modified mode [ 'examples/double-validation.html', 436, 438 ]
102 silly gunzTarPerm extractEntry examples/double.html
103 silly gunzTarPerm modified mode [ 'examples/double.html', 436, 438 ]
104 silly gunzTarPerm extractEntry examples/single.html
105 silly gunzTarPerm modified mode [ 'examples/single.html', 436, 438 ]
106 silly gunzTarPerm extractEntry examples/validation.html
107 silly gunzTarPerm modified mode [ 'examples/validation.html', 436, 438 ]
108 silly gunzTarPerm extractEntry bower.json
109 silly gunzTarPerm modified mode [ 'bower.json', 436, 438 ]
110 silly gunzTarPerm extractEntry tests/double_spec.js
111 silly gunzTarPerm modified mode [ 'tests/double_spec.js', 436, 438 ]
112 silly gunzTarPerm extractEntry tests/single_spec.js
113 silly gunzTarPerm modified mode [ 'tests/single_spec.js', 436, 438 ]
114 silly gunzTarPerm extractEntry tests/validation_spec.js
115 silly gunzTarPerm modified mode [ 'tests/validation_spec.js', 436, 438 ]
116 verbose write writing to C:\inetpub\wwwroot\BSSAPI\VSP\node_modules\angular-eonasdan-datetimepicker\package.json
117 info preinstall angular-eonasdan-datetimepicker@0.3.9
118 verbose readDependencies loading dependencies from C:\inetpub\wwwroot\BSSAPI\VSP\node_modules\angular-eonasdan-datetimepicker\package.json
119 silly prepareForInstallMany adding angular@^1.6.1 from angular-eonasdan-datetimepicker dependencies
120 silly prepareForInstallMany adding jquery@^2.2.4 from angular-eonasdan-datetimepicker dependencies
121 silly prepareForInstallMany adding angular@* from angular-eonasdan-datetimepicker peerDependencies
122 silly prepareForInstallMany adding jquery@~2 from angular-eonasdan-datetimepicker peerDependencies
123 warn peerDependencies The peer dependency angular@* included from angular-eonasdan-datetimepicker will no
124 warn peerDependencies longer be automatically installed to fulfill the peerDependency
125 warn peerDependencies in npm 3+. Your application will need to depend on it explicitly.
126 warn peerDependencies The peer dependency jquery@~2 included from angular-eonasdan-datetimepicker will no
127 warn peerDependencies longer be automatically installed to fulfill the peerDependency
128 warn peerDependencies in npm 3+. Your application will need to depend on it explicitly.
129 verbose readDependencies loading dependencies from C:\inetpub\wwwroot\BSSAPI\VSP\node_modules\angular-eonasdan-datetimepicker\package.json
130 silly cache add args [ 'angular@^1.6.1', null ]
131 verbose cache add spec angular@^1.6.1
132 silly cache add args [ 'jquery@^2.2.4', null ]
133 verbose cache add spec jquery@^2.2.4
134 silly cache add parsed spec Result {
134 silly cache add   raw: 'angular@^1.6.1',
134 silly cache add   scope: null,
134 silly cache add   name: 'angular',
134 silly cache add   rawSpec: '^1.6.1',
134 silly cache add   spec: '>=1.6.1 <2.0.0',
134 silly cache add   type: 'range' }
135 silly addNamed angular@>=1.6.1 <2.0.0
136 verbose addNamed ">=1.6.1 <2.0.0" is a valid semver range for angular
137 silly addNameRange { name: 'angular', range: '>=1.6.1 <2.0.0', hasData: false }
138 silly mapToRegistry name angular
139 silly mapToRegistry using default registry
140 silly mapToRegistry registry https://registry.npmjs.org/
141 silly mapToRegistry data Result {
141 silly mapToRegistry   raw: 'angular',
141 silly mapToRegistry   scope: null,
141 silly mapToRegistry   name: 'angular',
141 silly mapToRegistry   rawSpec: '',
141 silly mapToRegistry   spec: 'latest',
141 silly mapToRegistry   type: 'tag' }
142 silly mapToRegistry uri https://registry.npmjs.org/angular
143 verbose addNameRange registry:https://registry.npmjs.org/angular not in flight; fetching
144 silly cache add parsed spec Result {
144 silly cache add   raw: 'jquery@^2.2.4',
144 silly cache add   scope: null,
144 silly cache add   name: 'jquery',
144 silly cache add   rawSpec: '^2.2.4',
144 silly cache add   spec: '>=2.2.4 <3.0.0',
144 silly cache add   type: 'range' }
145 silly addNamed jquery@>=2.2.4 <3.0.0
146 verbose addNamed ">=2.2.4 <3.0.0" is a valid semver range for jquery
147 silly addNameRange { name: 'jquery', range: '>=2.2.4 <3.0.0', hasData: false }
148 silly mapToRegistry name jquery
149 silly mapToRegistry using default registry
150 silly mapToRegistry registry https://registry.npmjs.org/
151 silly mapToRegistry data Result {
151 silly mapToRegistry   raw: 'jquery',
151 silly mapToRegistry   scope: null,
151 silly mapToRegistry   name: 'jquery',
151 silly mapToRegistry   rawSpec: '',
151 silly mapToRegistry   spec: 'latest',
151 silly mapToRegistry   type: 'tag' }
152 silly mapToRegistry uri https://registry.npmjs.org/jquery
153 verbose addNameRange registry:https://registry.npmjs.org/jquery not in flight; fetching
154 verbose request uri https://registry.npmjs.org/jquery
155 verbose request no auth needed
156 info attempt registry request try #1 at 20:04:12
157 verbose etag W/"58bae366-1492d"
158 verbose lastModified Sat, 04 Mar 2017 15:55:18 GMT
159 http request GET https://registry.npmjs.org/jquery
160 verbose request uri https://registry.npmjs.org/angular
161 verbose request no auth needed
162 info attempt registry request try #1 at 20:04:12
163 verbose etag W/"58af26a7-240e6"
164 verbose lastModified Thu, 23 Feb 2017 18:15:03 GMT
165 http request GET https://registry.npmjs.org/angular
166 http 304 https://registry.npmjs.org/jquery
167 verbose headers { date: 'Sun, 05 Mar 2017 12:04:14 GMT',
167 verbose headers   via: '1.1 varnish',
167 verbose headers   'cache-control': 'max-age=300',
167 verbose headers   etag: 'W/"58bae366-1492d"',
167 verbose headers   age: '135',
167 verbose headers   connection: 'keep-alive',
167 verbose headers   'x-served-by': 'cache-nrt6135-NRT',
167 verbose headers   'x-cache': 'HIT',
167 verbose headers   'x-cache-hits': '2',
167 verbose headers   'x-timer': 'S1488715454.031794,VS0,VE0',
167 verbose headers   vary: 'Accept-Encoding' }
168 silly get cb [ 304,
168 silly get   { date: 'Sun, 05 Mar 2017 12:04:14 GMT',
168 silly get     via: '1.1 varnish',
168 silly get     'cache-control': 'max-age=300',
168 silly get     etag: 'W/"58bae366-1492d"',
168 silly get     age: '135',
168 silly get     connection: 'keep-alive',
168 silly get     'x-served-by': 'cache-nrt6135-NRT',
168 silly get     'x-cache': 'HIT',
168 silly get     'x-cache-hits': '2',
168 silly get     'x-timer': 'S1488715454.031794,VS0,VE0',
168 silly get     vary: 'Accept-Encoding' } ]
169 verbose etag https://registry.npmjs.org/jquery from cache
170 verbose get saving jquery to C:\Users\zam\AppData\Roaming\npm-cache\registry.npmjs.org\jquery\.cache.json
171 verbose correctMkdir C:\Users\zam\AppData\Roaming\npm-cache correctMkdir not in flight; initializing
172 silly addNameRange number 2 { name: 'jquery', range: '>=2.2.4 <3.0.0', hasData: true }
173 silly addNameRange versions [ 'jquery',
173 silly addNameRange   [ '1.5.1',
173 silly addNameRange     '1.6.2',
173 silly addNameRange     '1.6.3',
173 silly addNameRange     '1.7.2',
173 silly addNameRange     '1.7.3',
173 silly addNameRange     '1.8.2',
173 silly addNameRange     '1.8.3',
173 silly addNameRange     '2.1.0-beta2',
173 silly addNameRange     '2.1.0-beta3',
173 silly addNameRange     '1.11.0-beta3',
173 silly addNameRange     '1.11.0-rc1',
173 silly addNameRange     '2.1.0-rc1',
173 silly addNameRange     '1.11.0',
173 silly addNameRange     '2.1.0',
173 silly addNameRange     '2.1.1-beta1',
173 silly addNameRange     '1.11.1-beta1',
173 silly addNameRange     '2.1.1-rc1',
173 silly addNameRange     '1.11.1-rc1',
173 silly addNameRange     '2.1.1-rc2',
173 silly addNameRange     '1.11.1-rc2',
173 silly addNameRange     '2.1.1',
173 silly addNameRange     '1.11.1',
173 silly addNameRange     '1.9.1',
173 silly addNameRange     '2.1.2',
173 silly addNameRange     '1.11.2',
173 silly addNameRange     '2.1.3',
173 silly addNameRange     '2.1.4',
173 silly addNameRange     '1.11.3',
173 silly addNameRange     '3.0.0-alpha1',
173 silly addNameRange     '1.12.0',
173 silly addNameRange     '2.2.0',
173 silly addNameRange     '3.0.0-beta1',
173 silly addNameRange     '1.12.1',
173 silly addNameRange     '2.2.1',
173 silly addNameRange     '1.12.2',
173 silly addNameRange     '2.2.2',
173 silly addNameRange     '1.12.3',
173 silly addNameRange     '2.2.3',
173 silly addNameRange     '1.12.4',
173 silly addNameRange     '2.2.4',
173 silly addNameRange     '3.0.0-rc1',
173 silly addNameRange     '3.0.0',
173 silly addNameRange     '3.1.0',
173 silly addNameRange     '3.1.1' ] ]
174 silly addNamed jquery@2.2.4
175 verbose addNamed "2.2.4" is a plain semver version for jquery
176 silly mapToRegistry name jquery
177 silly mapToRegistry using default registry
178 silly mapToRegistry registry https://registry.npmjs.org/
179 silly mapToRegistry data Result {
179 silly mapToRegistry   raw: 'jquery',
179 silly mapToRegistry   scope: null,
179 silly mapToRegistry   name: 'jquery',
179 silly mapToRegistry   rawSpec: '',
179 silly mapToRegistry   spec: 'latest',
179 silly mapToRegistry   type: 'tag' }
180 silly mapToRegistry uri https://registry.npmjs.org/jquery
181 verbose addRemoteTarball https://registry.npmjs.org/jquery/-/jquery-2.2.4.tgz not in flight; adding
182 verbose addRemoteTarball [ 'https://registry.npmjs.org/jquery/-/jquery-2.2.4.tgz',
182 verbose addRemoteTarball   '2c89d6889b5eac522a7eea32c14521559c6cbf02' ]
183 info retry fetch attempt 1 at 20:04:12
184 info attempt registry request try #1 at 20:04:12
185 http fetch GET https://registry.npmjs.org/jquery/-/jquery-2.2.4.tgz
186 http 200 https://registry.npmjs.org/angular
187 verbose headers { server: 'nginx/1.10.1',
187 verbose headers   'content-type': 'application/json',
187 verbose headers   'last-modified': 'Sat, 04 Mar 2017 04:04:23 GMT',
187 verbose headers   etag: 'W/"58ba3cc7-2411e"',
187 verbose headers   'content-encoding': 'gzip',
187 verbose headers   'cache-control': 'max-age=300',
187 verbose headers   'content-length': '15136',
187 verbose headers   'accept-ranges': 'bytes',
187 verbose headers   date: 'Sun, 05 Mar 2017 12:04:14 GMT',
187 verbose headers   via: '1.1 varnish',
187 verbose headers   age: '0',
187 verbose headers   connection: 'keep-alive',
187 verbose headers   'x-served-by': 'cache-nrt6125-NRT',
187 verbose headers   'x-cache': 'HIT',
187 verbose headers   'x-cache-hits': '1',
187 verbose headers   'x-timer': 'S1488715454.271430,VS0,VE115',
187 verbose headers   vary: 'Accept-Encoding' }
188 silly get cb [ 200,
188 silly get   { server: 'nginx/1.10.1',
188 silly get     'content-type': 'application/json',
188 silly get     'last-modified': 'Sat, 04 Mar 2017 04:04:23 GMT',
188 silly get     etag: 'W/"58ba3cc7-2411e"',
188 silly get     'content-encoding': 'gzip',
188 silly get     'cache-control': 'max-age=300',
188 silly get     'content-length': '15136',
188 silly get     'accept-ranges': 'bytes',
188 silly get     date: 'Sun, 05 Mar 2017 12:04:14 GMT',
188 silly get     via: '1.1 varnish',
188 silly get     age: '0',
188 silly get     connection: 'keep-alive',
188 silly get     'x-served-by': 'cache-nrt6125-NRT',
188 silly get     'x-cache': 'HIT',
188 silly get     'x-cache-hits': '1',
188 silly get     'x-timer': 'S1488715454.271430,VS0,VE115',
188 silly get     vary: 'Accept-Encoding' } ]
189 verbose get saving angular to C:\Users\zam\AppData\Roaming\npm-cache\registry.npmjs.org\angular\.cache.json
190 verbose correctMkdir C:\Users\zam\AppData\Roaming\npm-cache correctMkdir not in flight; initializing
191 http fetch 200 https://registry.npmjs.org/jquery/-/jquery-2.2.4.tgz
192 silly addNameRange number 2 { name: 'angular', range: '>=1.6.1 <2.0.0', hasData: true }
193 silly addNameRange versions [ 'angular',
193 silly addNameRange   [ '0.0.1',
193 silly addNameRange     '0.0.1-1',
193 silly addNameRange     '0.0.1-2',
193 silly addNameRange     '0.0.2',
193 silly addNameRange     '0.0.3',
193 silly addNameRange     '0.0.4',
193 silly addNameRange     '1.0.0',
193 silly addNameRange     '1.0.1',
193 silly addNameRange     '1.0.2',
193 silly addNameRange     '1.0.3',
193 silly addNameRange     '1.0.4',
193 silly addNameRange     '1.0.5',
193 silly addNameRange     '1.0.6',
193 silly addNameRange     '1.0.7',
193 silly addNameRange     '1.0.8',
193 silly addNameRange     '1.1.0',
193 silly addNameRange     '1.1.1',
193 silly addNameRange     '1.1.2',
193 silly addNameRange     '1.1.3',
193 silly addNameRange     '1.1.4',
193 silly addNameRange     '1.1.5',
193 silly addNameRange     '1.2.0',
193 silly addNameRange     '1.2.1',
193 silly addNameRange     '1.2.2',
193 silly addNameRange     '1.2.3',
193 silly addNameRange     '1.2.4',
193 silly addNameRange     '1.2.5',
193 silly addNameRange     '1.2.6',
193 silly addNameRange     '1.2.7',
193 silly addNameRange     '1.2.8',
193 silly addNameRange     '1.2.9',
193 silly addNameRange     '1.2.10',
193 silly addNameRange     '1.2.11',
193 silly addNameRange     '1.2.12',
193 silly addNameRange     '1.2.13',
193 silly addNameRange     '1.2.14',
193 silly addNameRange     '1.2.15',
193 silly addNameRange     '1.2.16',
193 silly addNameRange     '1.2.17',
193 silly addNameRange     '1.2.18',
193 silly addNameRange     '1.2.19',
193 silly addNameRange     '1.2.20',
193 silly addNameRange     '1.2.21',
193 silly addNameRange     '1.2.22',
193 silly addNameRange     '1.2.23',
193 silly addNameRange     '1.3.0-rc.5',
193 silly addNameRange     '1.3.0',
193 silly addNameRange     '1.3.1',
193 silly addNameRange     '1.3.2',
193 silly addNameRange     '1.3.3',
193 silly addNameRange     '1.3.4-build.3588',
193 silly addNameRange     '1.2.27',
193 silly addNameRange     '1.3.4',
193 silly addNameRange     '1.3.5',
193 silly addNameRange     '1.3.6',
193 silly addNameRange     '1.3.7',
193 silly addNameRange     '1.2.28',
193 silly addNameRange     '1.3.8',
193 silly addNameRange     '1.4.0-beta.0',
193 silly addNameRange     '1.3.9',
193 silly addNameRange     '1.3.10',
193 silly addNameRange     '1.4.0-beta.1',
193 silly addNameRange     '1.4.0-beta.2',
193 silly addNameRange     '1.3.11',
193 silly addNameRange     '1.4.0-beta.3',
193 silly addNameRange     '1.3.12',
193 silly addNameRange     '1.3.13',
193 silly addNameRange     '1.4.0-beta.4',
193 silly addNameRange     '1.3.14',
193 silly addNameRange     '1.4.0-beta.5',
193 silly addNameRange     '1.4.0-beta.6',
193 silly addNameRange     '1.3.15',
193 silly addNameRange     '1.4.0-rc.0',
193 silly addNameRange     '1.4.0-rc.1',
193 silly addNameRange     '1.4.0-rc.2',
193 silly addNameRange     '1.4.0',
193 silly addNameRange     '1.3.16',
193 silly addNameRange     '1.4.1',
193 silly addNameRange     '1.4.2',
193 silly addNameRange     '1.3.17',
193 silly addNameRange     '1.4.3',
193 silly addNameRange     '1.4.4',
193 silly addNameRange     '1.3.18',
193 silly addNameRange     '1.4.5',
193 silly addNameRange     '1.3.19',
193 silly addNameRange     '1.4.6',
193 silly addNameRange     '1.5.0-beta.0',
193 silly addNameRange     '1.2.29',
193 silly addNameRange     '1.3.20',
193 silly addNameRange     '1.4.7',
193 silly addNameRange     '1.5.0-beta.2',
193 silly addNameRange     '1.4.8',
193 silly addNameRange     '1.5.0-rc.0',
193 silly addNameRange     '1.5.0-rc.1',
193 silly addNameRange     '1.4.9',
193 silly addNameRange     '1.5.0-rc.2',
193 silly addNameRange     '1.5.0',
193 silly addNameRange     '1.5.1',
193 silly addNameRange     '1.4.10',
193 silly addNameRange     '1.5.2',
193 silly addNameRange     '1.5.3',
193 silly addNameRange     '1.5.5',
193 silly addNameRange     '1.4.11',
193 silly addNameRange     '1.5.6',
193 silly addNameRange     '1.4.12',
193 silly addNameRange     '1.5.7',
193 silly addNameRange     '1.2.30',
193 silly addNameRange     '1.5.8',
193 silly addNameRange     '1.4.13',
193 silly addNameRange     '1.2.31',
193 silly addNameRange     '1.2.32',
193 silly addNameRange     '1.4.14',
193 silly addNameRange     '1.6.0-rc.0',
193 silly addNameRange     '1.6.0-rc.1',
193 silly addNameRange     '1.5.9',
193 silly addNameRange     '1.6.0-rc.2',
193 silly addNameRange     '1.6.0',
193 silly addNameRange     '1.5.10',
193 silly addNameRange     '1.6.1',
193 silly addNameRange     '1.5.11',
193 silly addNameRange     '1.6.2' ] ]
194 silly addNamed angular@1.6.2
195 verbose addNamed "1.6.2" is a plain semver version for angular
196 silly cache afterAdd angular@1.6.2
197 verbose afterAdd C:\Users\zam\AppData\Roaming\npm-cache\angular\1.6.2\package\package.json not in flight; writing
198 verbose correctMkdir C:\Users\zam\AppData\Roaming\npm-cache correctMkdir not in flight; initializing
199 verbose afterAdd C:\Users\zam\AppData\Roaming\npm-cache\angular\1.6.2\package\package.json written
200 silly fetchAndShaCheck shasum 2c89d6889b5eac522a7eea32c14521559c6cbf02
201 verbose addTmpTarball C:\Users\zam\AppData\Local\Temp\npm-5852-08033614\registry.npmjs.org\jquery\-\jquery-2.2.4.tgz not in flight; adding
202 verbose addTmpTarball already have metadata; skipping unpack for jquery@2.2.4
203 verbose correctMkdir C:\Users\zam\AppData\Roaming\npm-cache correctMkdir not in flight; initializing
204 silly cache afterAdd jquery@2.2.4
205 verbose afterAdd C:\Users\zam\AppData\Roaming\npm-cache\jquery\2.2.4\package\package.json not in flight; writing
206 verbose correctMkdir C:\Users\zam\AppData\Roaming\npm-cache correctMkdir not in flight; initializing
207 verbose afterAdd C:\Users\zam\AppData\Roaming\npm-cache\jquery\2.2.4\package\package.json written
208 silly install resolved [ { name: 'angular',
208 silly install resolved     version: '1.6.2',
208 silly install resolved     description: 'HTML enhanced for web apps',
208 silly install resolved     main: 'index.js',
208 silly install resolved     scripts: { test: 'echo "Error: no test specified" && exit 1' },
208 silly install resolved     repository:
208 silly install resolved      { type: 'git',
208 silly install resolved        url: 'git+https://github.com/angular/angular.js.git' },
208 silly install resolved     keywords: [ 'angular', 'framework', 'browser', 'client-side' ],
208 silly install resolved     author:
208 silly install resolved      { name: 'Angular Core Team',
208 silly install resolved        email: 'angular-core+npm@google.com' },
208 silly install resolved     license: 'MIT',
208 silly install resolved     bugs: { url: 'https://github.com/angular/angular.js/issues' },
208 silly install resolved     homepage: 'http://angularjs.org',
208 silly install resolved     gitHead: '6588975381655e657da44fb3a573dbf48c3075d5',
208 silly install resolved     _id: 'angular@1.6.2',
208 silly install resolved     _shasum: 'd0b677242ac4bf9ae81424297c6320973af4bb5a',
208 silly install resolved     _from: 'angular@>=1.6.1 <2.0.0',
208 silly install resolved     _npmVersion: '3.10.10',
208 silly install resolved     _nodeVersion: '6.9.5',
208 silly install resolved     _npmUser: { name: 'angularcore', email: 'angular-core+npm@google.com' },
208 silly install resolved     dist:
208 silly install resolved      { shasum: 'd0b677242ac4bf9ae81424297c6320973af4bb5a',
208 silly install resolved        tarball: 'https://registry.npmjs.org/angular/-/angular-1.6.2.tgz' },
208 silly install resolved     maintainers: [ [Object], [Object] ],
208 silly install resolved     _npmOperationalInternal:
208 silly install resolved      { host: 'packages-18-east.internal.npmjs.com',
208 silly install resolved        tmp: 'tmp/angular-1.6.2.tgz_1486475964759_0.46831068070605397' },
208 silly install resolved     directories: {},
208 silly install resolved     _resolved: 'https://registry.npmjs.org/angular/-/angular-1.6.2.tgz',
208 silly install resolved     readme: 'ERROR: No README data found!' },
208 silly install resolved   { name: 'jquery',
208 silly install resolved     title: 'jQuery',
208 silly install resolved     description: 'JavaScript library for DOM operations',
208 silly install resolved     version: '2.2.4',
208 silly install resolved     main: 'dist/jquery.js',
208 silly install resolved     homepage: 'http://jquery.com',
208 silly install resolved     author:
208 silly install resolved      { name: 'jQuery Foundation and other contributors',
208 silly install resolved        url: 'https://github.com/jquery/jquery/blob/2.2.4/AUTHORS.txt' },
208 silly install resolved     repository: { type: 'git', url: 'git+https://github.com/jquery/jquery.git' },
208 silly install resolved     keywords: [ 'jquery', 'javascript', 'browser', 'library' ],
208 silly install resolved     bugs: { url: 'https://github.com/jquery/jquery/issues' },
208 silly install resolved     license: 'MIT',
208 silly install resolved     dependencies: {},
208 silly install resolved     devDependencies:
208 silly install resolved      { commitplease: '2.0.0',
208 silly install resolved        'core-js': '0.9.17',
208 silly install resolved        grunt: '0.4.5',
208 silly install resolved        'grunt-babel': '5.0.1',
208 silly install resolved        'grunt-cli': '0.1.13',
208 silly install resolved        'grunt-compare-size': '0.4.0',
208 silly install resolved        'grunt-contrib-jshint': '0.11.2',
208 silly install resolved        'grunt-contrib-uglify': '0.9.2',
208 silly install resolved        'grunt-contrib-watch': '0.6.1',
208 silly install resolved        'grunt-git-authors': '2.0.1',
208 silly install resolved        'grunt-jscs': '2.1.0',
208 silly install resolved        'grunt-jsonlint': '1.0.4',
208 silly install resolved        'grunt-npmcopy': '0.1.0',
208 silly install resolved        'gzip-js': '0.3.2',
208 silly install resolved        jsdom: '5.6.1',
208 silly install resolved        'load-grunt-tasks': '1.0.0',
208 silly install resolved        qunitjs: '1.17.1',
208 silly install resolved        'qunit-assert-step': '1.0.3',
208 silly install resolved        requirejs: '2.1.17',
208 silly install resolved        sinon: '1.10.3',
208 silly install resolved        sizzle: '2.2.1',
208 silly install resolved        'strip-json-comments': '1.0.3',
208 silly install resolved        testswarm: '1.1.0',
208 silly install resolved        'win-spawn': '2.0.0' },
208 silly install resolved     scripts:
208 silly install resolved      { build: 'npm install && grunt',
208 silly install resolved        start: 'grunt watch',
208 silly install resolved        test: 'grunt && grunt test' },
208 silly install resolved     commitplease: { components: [Object] },
208 silly install resolved     gitHead: 'c0185ab7c75aab88762c5aae780b9d83b80eda72',
208 silly install resolved     _id: 'jquery@2.2.4',
208 silly install resolved     _shasum: '2c89d6889b5eac522a7eea32c14521559c6cbf02',
208 silly install resolved     _from: 'jquery@>=2.2.4 <3.0.0',
208 silly install resolved     _npmVersion: '2.15.1',
208 silly install resolved     _nodeVersion: '0.10.45',
208 silly install resolved     _npmUser: { name: 'timmywil', email: 'timmywillisn@gmail.com' },
208 silly install resolved     dist:
208 silly install resolved      { shasum: '2c89d6889b5eac522a7eea32c14521559c6cbf02',
208 silly install resolved        tarball: 'https://registry.npmjs.org/jquery/-/jquery-2.2.4.tgz' },
208 silly install resolved     maintainers: [ [Object], [Object], [Object], [Object] ],
208 silly install resolved     _npmOperationalInternal:
208 silly install resolved      { host: 'packages-16-east.internal.npmjs.com',
208 silly install resolved        tmp: 'tmp/jquery-2.2.4.tgz_1463765166836_0.5834389675874263' },
208 silly install resolved     directories: {},
208 silly install resolved     _resolved: 'https://registry.npmjs.org/jquery/-/jquery-2.2.4.tgz' } ]
209 info install angular@1.6.2 into C:\inetpub\wwwroot\BSSAPI\VSP\node_modules\angular-eonasdan-datetimepicker
210 info install jquery@2.2.4 into C:\inetpub\wwwroot\BSSAPI\VSP\node_modules\angular-eonasdan-datetimepicker
211 info installOne angular@1.6.2
212 verbose installOne of angular to C:\inetpub\wwwroot\BSSAPI\VSP\node_modules\angular-eonasdan-datetimepicker not in flight; installing
213 verbose correctMkdir C:\Users\zam\AppData\Roaming\npm-cache\_locks correctMkdir not in flight; initializing
214 info installOne jquery@2.2.4
215 verbose installOne of jquery to C:\inetpub\wwwroot\BSSAPI\VSP\node_modules\angular-eonasdan-datetimepicker not in flight; installing
216 verbose correctMkdir C:\Users\zam\AppData\Roaming\npm-cache\_locks correctMkdir not in flight; initializing
217 verbose lock using C:\Users\zam\AppData\Roaming\npm-cache\_locks\jquery-5f599ccc2d350a84.lock for C:\inetpub\wwwroot\BSSAPI\VSP\node_modules\angular-eonasdan-datetimepicker\node_modules\jquery
218 verbose lock using C:\Users\zam\AppData\Roaming\npm-cache\_locks\angular-4b1fd10410df1d89.lock for C:\inetpub\wwwroot\BSSAPI\VSP\node_modules\angular-eonasdan-datetimepicker\node_modules\angular
219 silly install write writing jquery 2.2.4 to C:\inetpub\wwwroot\BSSAPI\VSP\node_modules\angular-eonasdan-datetimepicker\node_modules\jquery
220 silly install write writing angular 1.6.2 to C:\inetpub\wwwroot\BSSAPI\VSP\node_modules\angular-eonasdan-datetimepicker\node_modules\angular
221 verbose unbuild node_modules\angular-eonasdan-datetimepicker\node_modules\jquery
222 verbose unbuild node_modules\angular-eonasdan-datetimepicker\node_modules\angular
223 silly gentlyRm C:\inetpub\wwwroot\BSSAPI\VSP\node_modules\angular-eonasdan-datetimepicker\node_modules\jquery is being purged from base C:\inetpub\wwwroot\BSSAPI\VSP
224 verbose gentlyRm don't care about contents; nuking C:\inetpub\wwwroot\BSSAPI\VSP\node_modules\angular-eonasdan-datetimepicker\node_modules\jquery
225 verbose tar unpack C:\Users\zam\AppData\Roaming\npm-cache\jquery\2.2.4\package.tgz
226 verbose tar unpacking to C:\inetpub\wwwroot\BSSAPI\VSP\node_modules\angular-eonasdan-datetimepicker\node_modules\jquery
227 silly gentlyRm C:\inetpub\wwwroot\BSSAPI\VSP\node_modules\angular-eonasdan-datetimepicker\node_modules\jquery is being purged
228 verbose gentlyRm don't care about contents; nuking C:\inetpub\wwwroot\BSSAPI\VSP\node_modules\angular-eonasdan-datetimepicker\node_modules\jquery
229 silly gentlyRm C:\inetpub\wwwroot\BSSAPI\VSP\node_modules\angular-eonasdan-datetimepicker\node_modules\angular is being purged from base C:\inetpub\wwwroot\BSSAPI\VSP
230 verbose gentlyRm don't care about contents; nuking C:\inetpub\wwwroot\BSSAPI\VSP\node_modules\angular-eonasdan-datetimepicker\node_modules\angular
231 silly gunzTarPerm modes [ '777', '666' ]
232 verbose tar unpack C:\Users\zam\AppData\Roaming\npm-cache\angular\1.6.2\package.tgz
233 verbose tar unpacking to C:\inetpub\wwwroot\BSSAPI\VSP\node_modules\angular-eonasdan-datetimepicker\node_modules\angular
234 silly gentlyRm C:\inetpub\wwwroot\BSSAPI\VSP\node_modules\angular-eonasdan-datetimepicker\node_modules\angular is being purged
235 verbose gentlyRm don't care about contents; nuking C:\inetpub\wwwroot\BSSAPI\VSP\node_modules\angular-eonasdan-datetimepicker\node_modules\angular
236 silly gunzTarPerm modes [ '777', '666' ]
237 silly gunzTarPerm extractEntry package.json
238 silly gunzTarPerm modified mode [ 'package.json', 420, 438 ]
239 silly gunzTarPerm extractEntry package.json
240 silly gunzTarPerm modified mode [ 'package.json', 420, 438 ]
241 silly gunzTarPerm extractEntry README.md
242 silly gunzTarPerm modified mode [ 'README.md', 420, 438 ]
243 silly gunzTarPerm extractEntry AUTHORS.txt
244 silly gunzTarPerm modified mode [ 'AUTHORS.txt', 420, 438 ]
245 silly gunzTarPerm extractEntry README.md
246 silly gunzTarPerm modified mode [ 'README.md', 420, 438 ]
247 silly gunzTarPerm extractEntry angular.js
248 silly gunzTarPerm modified mode [ 'angular.js', 420, 438 ]
249 silly gunzTarPerm extractEntry LICENSE.txt
250 silly gunzTarPerm modified mode [ 'LICENSE.txt', 420, 438 ]
251 silly gunzTarPerm extractEntry bower.json
252 silly gunzTarPerm modified mode [ 'bower.json', 420, 438 ]
253 silly gunzTarPerm extractEntry dist/jquery.js
254 silly gunzTarPerm modified mode [ 'dist/jquery.js', 420, 438 ]
255 silly gunzTarPerm extractEntry dist/jquery.min.js
256 silly gunzTarPerm modified mode [ 'dist/jquery.min.js', 420, 438 ]
257 silly gunzTarPerm extractEntry dist/jquery.min.map
258 silly gunzTarPerm modified mode [ 'dist/jquery.min.map', 420, 438 ]
259 silly gunzTarPerm extractEntry external/sizzle/LICENSE.txt
260 silly gunzTarPerm modified mode [ 'external/sizzle/LICENSE.txt', 420, 438 ]
261 silly gunzTarPerm extractEntry external/sizzle/dist/sizzle.js
262 silly gunzTarPerm modified mode [ 'external/sizzle/dist/sizzle.js', 420, 438 ]
263 silly gunzTarPerm extractEntry external/sizzle/dist/sizzle.min.js
264 silly gunzTarPerm modified mode [ 'external/sizzle/dist/sizzle.min.js', 420, 438 ]
265 silly gunzTarPerm extractEntry external/sizzle/dist/sizzle.min.map
266 silly gunzTarPerm modified mode [ 'external/sizzle/dist/sizzle.min.map', 420, 438 ]
267 silly gunzTarPerm extractEntry src/wrap.js
268 silly gunzTarPerm modified mode [ 'src/wrap.js', 420, 438 ]
269 silly gunzTarPerm extractEntry src/selector.js
270 silly gunzTarPerm modified mode [ 'src/selector.js', 420, 438 ]
271 silly gunzTarPerm extractEntry src/css.js
272 silly gunzTarPerm modified mode [ 'src/css.js', 420, 438 ]
273 silly gunzTarPerm extractEntry src/selector-sizzle.js
274 silly gunzTarPerm modified mode [ 'src/selector-sizzle.js', 420, 438 ]
275 silly gunzTarPerm extractEntry src/data.js
276 silly gunzTarPerm modified mode [ 'src/data.js', 420, 438 ]
277 silly gunzTarPerm extractEntry src/core.js
278 silly gunzTarPerm modified mode [ 'src/core.js', 420, 438 ]
279 silly gunzTarPerm extractEntry angular.min.js
280 silly gunzTarPerm modified mode [ 'angular.min.js', 420, 438 ]
281 silly gunzTarPerm extractEntry src/deprecated.js
282 silly gunzTarPerm modified mode [ 'src/deprecated.js', 420, 438 ]
283 silly gunzTarPerm extractEntry src/dimensions.js
284 silly gunzTarPerm modified mode [ 'src/dimensions.js', 420, 438 ]
285 silly gunzTarPerm extractEntry src/selector-native.js
286 silly gunzTarPerm modified mode [ 'src/selector-native.js', 420, 438 ]
287 silly gunzTarPerm extractEntry src/effects.js
288 silly gunzTarPerm modified mode [ 'src/effects.js', 420, 438 ]
289 silly gunzTarPerm extractEntry src/queue.js
290 silly gunzTarPerm modified mode [ 'src/queue.js', 420, 438 ]
291 silly gunzTarPerm extractEntry src/serialize.js
292 silly gunzTarPerm modified mode [ 'src/serialize.js', 420, 438 ]
293 silly gunzTarPerm extractEntry index.js
294 silly gunzTarPerm modified mode [ 'index.js', 420, 438 ]
295 silly gunzTarPerm extractEntry src/outro.js
296 silly gunzTarPerm modified mode [ 'src/outro.js', 420, 438 ]
297 silly gunzTarPerm extractEntry LICENSE.md
298 silly gunzTarPerm modified mode [ 'LICENSE.md', 420, 438 ]
299 silly gunzTarPerm extractEntry src/callbacks.js
300 silly gunzTarPerm modified mode [ 'src/callbacks.js', 420, 438 ]
301 silly gunzTarPerm extractEntry angular-csp.css
302 silly gunzTarPerm modified mode [ 'angular-csp.css', 420, 438 ]
303 silly gunzTarPerm extractEntry angular.min.js.gzip
304 silly gunzTarPerm modified mode [ 'angular.min.js.gzip', 420, 438 ]
305 silly gunzTarPerm extractEntry angular.min.js.map
306 silly gunzTarPerm modified mode [ 'angular.min.js.map', 420, 438 ]
307 silly gunzTarPerm extractEntry src/offset.js
308 silly gunzTarPerm modified mode [ 'src/offset.js', 420, 438 ]
309 silly gunzTarPerm extractEntry src/attributes.js
310 silly gunzTarPerm modified mode [ 'src/attributes.js', 420, 438 ]
311 silly gunzTarPerm extractEntry src/intro.js
312 silly gunzTarPerm modified mode [ 'src/intro.js', 420, 438 ]
313 silly gunzTarPerm extractEntry src/traversing.js
314 silly gunzTarPerm modified mode [ 'src/traversing.js', 420, 438 ]
315 silly gunzTarPerm extractEntry src/jquery.js
316 silly gunzTarPerm modified mode [ 'src/jquery.js', 420, 438 ]
317 silly gunzTarPerm extractEntry src/ajax.js
318 silly gunzTarPerm modified mode [ 'src/ajax.js', 420, 438 ]
319 silly gunzTarPerm extractEntry bower.json
320 silly gunzTarPerm modified mode [ 'bower.json', 420, 438 ]
321 silly gunzTarPerm extractEntry src/manipulation.js
322 silly gunzTarPerm modified mode [ 'src/manipulation.js', 420, 438 ]
323 silly gunzTarPerm extractEntry src/deferred.js
324 silly gunzTarPerm modified mode [ 'src/deferred.js', 420, 438 ]
325 silly gunzTarPerm extractEntry src/event.js
326 silly gunzTarPerm modified mode [ 'src/event.js', 420, 438 ]
327 silly gunzTarPerm extractEntry src/data/Data.js
328 silly gunzTarPerm modified mode [ 'src/data/Data.js', 420, 438 ]
329 silly gunzTarPerm extractEntry src/data/var/acceptData.js
330 silly gunzTarPerm modified mode [ 'src/data/var/acceptData.js', 420, 438 ]
331 silly gunzTarPerm extractEntry src/data/var/dataPriv.js
332 silly gunzTarPerm modified mode [ 'src/data/var/dataPriv.js', 420, 438 ]
333 silly gunzTarPerm extractEntry src/data/var/dataUser.js
334 silly gunzTarPerm modified mode [ 'src/data/var/dataUser.js', 420, 438 ]
335 silly gunzTarPerm extractEntry src/manipulation/_evalUrl.js
336 silly gunzTarPerm modified mode [ 'src/manipulation/_evalUrl.js', 420, 438 ]
337 silly gunzTarPerm extractEntry src/manipulation/buildFragment.js
338 silly gunzTarPerm modified mode [ 'src/manipulation/buildFragment.js', 420, 438 ]
339 silly gunzTarPerm extractEntry src/manipulation/getAll.js
340 silly gunzTarPerm modified mode [ 'src/manipulation/getAll.js', 420, 438 ]
341 silly gunzTarPerm extractEntry src/manipulation/setGlobalEval.js
342 silly gunzTarPerm modified mode [ 'src/manipulation/setGlobalEval.js', 420, 438 ]
343 silly gunzTarPerm extractEntry src/manipulation/support.js
344 silly gunzTarPerm modified mode [ 'src/manipulation/support.js', 420, 438 ]
345 silly gunzTarPerm extractEntry src/manipulation/wrapMap.js
346 silly gunzTarPerm modified mode [ 'src/manipulation/wrapMap.js', 420, 438 ]
347 silly gunzTarPerm extractEntry src/manipulation/var/rcheckableType.js
348 silly gunzTarPerm modified mode [ 'src/manipulation/var/rcheckableType.js', 420, 438 ]
349 silly gunzTarPerm extractEntry src/manipulation/var/rscriptType.js
350 silly gunzTarPerm modified mode [ 'src/manipulation/var/rscriptType.js', 420, 438 ]
351 silly gunzTarPerm extractEntry src/manipulation/var/rtagName.js
352 silly gunzTarPerm modified mode [ 'src/manipulation/var/rtagName.js', 420, 438 ]
353 silly gunzTarPerm extractEntry src/ajax/jsonp.js
354 silly gunzTarPerm modified mode [ 'src/ajax/jsonp.js', 420, 438 ]
355 silly gunzTarPerm extractEntry src/ajax/load.js
356 silly gunzTarPerm modified mode [ 'src/ajax/load.js', 420, 438 ]
357 silly gunzTarPerm extractEntry src/ajax/parseJSON.js
358 silly gunzTarPerm modified mode [ 'src/ajax/parseJSON.js', 420, 438 ]
359 silly gunzTarPerm extractEntry src/ajax/parseXML.js
360 silly gunzTarPerm modified mode [ 'src/ajax/parseXML.js', 420, 438 ]
361 silly gunzTarPerm extractEntry src/ajax/script.js
362 silly gunzTarPerm modified mode [ 'src/ajax/script.js', 420, 438 ]
363 silly gunzTarPerm extractEntry src/ajax/xhr.js
364 silly gunzTarPerm modified mode [ 'src/ajax/xhr.js', 420, 438 ]
365 silly gunzTarPerm extractEntry src/ajax/var/location.js
366 silly gunzTarPerm modified mode [ 'src/ajax/var/location.js', 420, 438 ]
367 silly gunzTarPerm extractEntry src/ajax/var/nonce.js
368 silly gunzTarPerm modified mode [ 'src/ajax/var/nonce.js', 420, 438 ]
369 silly gunzTarPerm extractEntry src/ajax/var/rquery.js
370 silly gunzTarPerm modified mode [ 'src/ajax/var/rquery.js', 420, 438 ]
371 silly gunzTarPerm extractEntry src/queue/delay.js
372 silly gunzTarPerm modified mode [ 'src/queue/delay.js', 420, 438 ]
373 silly gunzTarPerm extractEntry src/event/ajax.js
374 silly gunzTarPerm modified mode [ 'src/event/ajax.js', 420, 438 ]
375 silly gunzTarPerm extractEntry src/event/alias.js
376 silly gunzTarPerm modified mode [ 'src/event/alias.js', 420, 438 ]
377 silly gunzTarPerm extractEntry src/event/focusin.js
378 silly gunzTarPerm modified mode [ 'src/event/focusin.js', 420, 438 ]
379 silly gunzTarPerm extractEntry src/event/support.js
380 silly gunzTarPerm modified mode [ 'src/event/support.js', 420, 438 ]
381 silly gunzTarPerm extractEntry src/event/trigger.js
382 silly gunzTarPerm modified mode [ 'src/event/trigger.js', 420, 438 ]
383 silly gunzTarPerm extractEntry src/effects/Tween.js
384 silly gunzTarPerm modified mode [ 'src/effects/Tween.js', 420, 438 ]
385 silly gunzTarPerm extractEntry src/effects/animatedSelector.js
386 silly gunzTarPerm modified mode [ 'src/effects/animatedSelector.js', 420, 438 ]
387 silly gunzTarPerm extractEntry src/exports/amd.js
388 silly gunzTarPerm modified mode [ 'src/exports/amd.js', 420, 438 ]
389 silly gunzTarPerm extractEntry src/exports/global.js
390 silly gunzTarPerm modified mode [ 'src/exports/global.js', 420, 438 ]
391 silly gunzTarPerm extractEntry src/css/addGetHookIf.js
392 silly gunzTarPerm modified mode [ 'src/css/addGetHookIf.js', 420, 438 ]
393 silly gunzTarPerm extractEntry src/css/adjustCSS.js
394 silly gunzTarPerm modified mode [ 'src/css/adjustCSS.js', 420, 438 ]
395 silly gunzTarPerm extractEntry src/css/curCSS.js
396 silly gunzTarPerm modified mode [ 'src/css/curCSS.js', 420, 438 ]
397 silly gunzTarPerm extractEntry src/css/defaultDisplay.js
398 silly gunzTarPerm modified mode [ 'src/css/defaultDisplay.js', 420, 438 ]
399 silly gunzTarPerm extractEntry src/css/hiddenVisibleSelectors.js
400 silly gunzTarPerm modified mode [ 'src/css/hiddenVisibleSelectors.js', 420, 438 ]
401 silly gunzTarPerm extractEntry src/css/showHide.js
402 silly gunzTarPerm modified mode [ 'src/css/showHide.js', 420, 438 ]
403 silly gunzTarPerm extractEntry src/css/support.js
404 silly gunzTarPerm modified mode [ 'src/css/support.js', 420, 438 ]
405 verbose write writing to C:\inetpub\wwwroot\BSSAPI\VSP\node_modules\angular-eonasdan-datetimepicker\node_modules\angular\package.json
406 silly gunzTarPerm extractEntry src/css/var/cssExpand.js
407 silly gunzTarPerm modified mode [ 'src/css/var/cssExpand.js', 420, 438 ]
408 silly gunzTarPerm extractEntry src/css/var/getStyles.js
409 silly gunzTarPerm modified mode [ 'src/css/var/getStyles.js', 420, 438 ]
410 info preinstall angular@1.6.2
411 verbose readDependencies loading dependencies from C:\inetpub\wwwroot\BSSAPI\VSP\node_modules\angular-eonasdan-datetimepicker\node_modules\angular\package.json
412 verbose readDependencies loading dependencies from C:\inetpub\wwwroot\BSSAPI\VSP\node_modules\angular-eonasdan-datetimepicker\node_modules\angular\package.json
413 silly gunzTarPerm extractEntry src/css/var/isHidden.js
414 silly gunzTarPerm modified mode [ 'src/css/var/isHidden.js', 420, 438 ]
415 silly gunzTarPerm extractEntry src/css/var/rmargin.js
416 silly gunzTarPerm modified mode [ 'src/css/var/rmargin.js', 420, 438 ]
417 silly install resolved []
418 verbose about to build C:\inetpub\wwwroot\BSSAPI\VSP\node_modules\angular-eonasdan-datetimepicker\node_modules\angular
419 info build C:\inetpub\wwwroot\BSSAPI\VSP\node_modules\angular-eonasdan-datetimepicker\node_modules\angular
420 info linkStuff angular@1.6.2
421 silly linkStuff angular@1.6.2 has C:\inetpub\wwwroot\BSSAPI\VSP\node_modules\angular-eonasdan-datetimepicker\node_modules as its parent node_modules
422 verbose linkBins angular@1.6.2
423 verbose linkMans angular@1.6.2
424 verbose rebuildBundles angular@1.6.2
425 silly gunzTarPerm extractEntry src/css/var/rnumnonpx.js
426 silly gunzTarPerm modified mode [ 'src/css/var/rnumnonpx.js', 420, 438 ]
427 silly gunzTarPerm extractEntry src/css/var/swap.js
428 silly gunzTarPerm modified mode [ 'src/css/var/swap.js', 420, 438 ]
429 info install angular@1.6.2
430 info postinstall angular@1.6.2
431 verbose unlock done using C:\Users\zam\AppData\Roaming\npm-cache\_locks\angular-4b1fd10410df1d89.lock for C:\inetpub\wwwroot\BSSAPI\VSP\node_modules\angular-eonasdan-datetimepicker\node_modules\angular
432 silly gunzTarPerm extractEntry src/core/access.js
433 silly gunzTarPerm modified mode [ 'src/core/access.js', 420, 438 ]
434 silly gunzTarPerm extractEntry src/core/init.js
435 silly gunzTarPerm modified mode [ 'src/core/init.js', 420, 438 ]
436 silly gunzTarPerm extractEntry src/core/parseHTML.js
437 silly gunzTarPerm modified mode [ 'src/core/parseHTML.js', 420, 438 ]
438 silly gunzTarPerm extractEntry src/core/ready.js
439 silly gunzTarPerm modified mode [ 'src/core/ready.js', 420, 438 ]
440 silly gunzTarPerm extractEntry src/core/var/rsingleTag.js
441 silly gunzTarPerm modified mode [ 'src/core/var/rsingleTag.js', 420, 438 ]
442 silly gunzTarPerm extractEntry src/traversing/findFilter.js
443 silly gunzTarPerm modified mode [ 'src/traversing/findFilter.js', 420, 438 ]
444 silly gunzTarPerm extractEntry src/traversing/var/dir.js
445 silly gunzTarPerm modified mode [ 'src/traversing/var/dir.js', 420, 438 ]
446 silly gunzTarPerm extractEntry src/traversing/var/rneedsContext.js
447 silly gunzTarPerm modified mode [ 'src/traversing/var/rneedsContext.js', 420, 438 ]
448 silly gunzTarPerm extractEntry src/traversing/var/siblings.js
449 silly gunzTarPerm modified mode [ 'src/traversing/var/siblings.js', 420, 438 ]
450 silly gunzTarPerm extractEntry src/attributes/attr.js
451 silly gunzTarPerm modified mode [ 'src/attributes/attr.js', 420, 438 ]
452 silly gunzTarPerm extractEntry src/attributes/classes.js
453 silly gunzTarPerm modified mode [ 'src/attributes/classes.js', 420, 438 ]
454 silly gunzTarPerm extractEntry src/attributes/prop.js
455 silly gunzTarPerm modified mode [ 'src/attributes/prop.js', 420, 438 ]
456 silly gunzTarPerm extractEntry src/attributes/support.js
457 silly gunzTarPerm modified mode [ 'src/attributes/support.js', 420, 438 ]
458 silly gunzTarPerm extractEntry src/attributes/val.js
459 silly gunzTarPerm modified mode [ 'src/attributes/val.js', 420, 438 ]
460 silly gunzTarPerm extractEntry src/var/arr.js
461 silly gunzTarPerm modified mode [ 'src/var/arr.js', 420, 438 ]
462 silly gunzTarPerm extractEntry src/var/document.js
463 silly gunzTarPerm modified mode [ 'src/var/document.js', 420, 438 ]
464 silly gunzTarPerm extractEntry src/var/documentElement.js
465 silly gunzTarPerm modified mode [ 'src/var/documentElement.js', 420, 438 ]
466 silly gunzTarPerm extractEntry src/var/hasOwn.js
467 silly gunzTarPerm modified mode [ 'src/var/hasOwn.js', 420, 438 ]
468 silly gunzTarPerm extractEntry src/var/indexOf.js
469 silly gunzTarPerm modified mode [ 'src/var/indexOf.js', 420, 438 ]
470 silly gunzTarPerm extractEntry src/var/concat.js
471 silly gunzTarPerm modified mode [ 'src/var/concat.js', 420, 438 ]
472 silly gunzTarPerm extractEntry src/var/push.js
473 silly gunzTarPerm modified mode [ 'src/var/push.js', 420, 438 ]
474 silly gunzTarPerm extractEntry src/var/rcssNum.js
475 silly gunzTarPerm modified mode [ 'src/var/rcssNum.js', 420, 438 ]
476 silly gunzTarPerm extractEntry src/var/rnotwhite.js
477 silly gunzTarPerm modified mode [ 'src/var/rnotwhite.js', 420, 438 ]
478 silly gunzTarPerm extractEntry src/var/slice.js
479 silly gunzTarPerm modified mode [ 'src/var/slice.js', 420, 438 ]
480 silly gunzTarPerm extractEntry src/var/support.js
481 silly gunzTarPerm modified mode [ 'src/var/support.js', 420, 438 ]
482 silly gunzTarPerm extractEntry src/var/class2type.js
483 silly gunzTarPerm modified mode [ 'src/var/class2type.js', 420, 438 ]
484 silly gunzTarPerm extractEntry src/var/toString.js
485 silly gunzTarPerm modified mode [ 'src/var/toString.js', 420, 438 ]
486 silly gunzTarPerm extractEntry src/var/pnum.js
487 silly gunzTarPerm modified mode [ 'src/var/pnum.js', 420, 438 ]
488 silly gunzTarPerm extractEntry src/.jshintrc
489 silly gunzTarPerm modified mode [ 'src/.jshintrc', 420, 438 ]
490 verbose write writing to C:\inetpub\wwwroot\BSSAPI\VSP\node_modules\angular-eonasdan-datetimepicker\node_modules\jquery\package.json
491 info preinstall jquery@2.2.4
492 verbose readDependencies loading dependencies from C:\inetpub\wwwroot\BSSAPI\VSP\node_modules\angular-eonasdan-datetimepicker\node_modules\jquery\package.json
493 verbose readDependencies loading dependencies from C:\inetpub\wwwroot\BSSAPI\VSP\node_modules\angular-eonasdan-datetimepicker\node_modules\jquery\package.json
494 silly install resolved []
495 verbose about to build C:\inetpub\wwwroot\BSSAPI\VSP\node_modules\angular-eonasdan-datetimepicker\node_modules\jquery
496 info build C:\inetpub\wwwroot\BSSAPI\VSP\node_modules\angular-eonasdan-datetimepicker\node_modules\jquery
497 info linkStuff jquery@2.2.4
498 silly linkStuff jquery@2.2.4 has C:\inetpub\wwwroot\BSSAPI\VSP\node_modules\angular-eonasdan-datetimepicker\node_modules as its parent node_modules
499 verbose linkBins jquery@2.2.4
500 verbose linkMans jquery@2.2.4
501 verbose rebuildBundles jquery@2.2.4
502 info install jquery@2.2.4
503 info postinstall jquery@2.2.4
504 verbose unlock done using C:\Users\zam\AppData\Roaming\npm-cache\_locks\jquery-5f599ccc2d350a84.lock for C:\inetpub\wwwroot\BSSAPI\VSP\node_modules\angular-eonasdan-datetimepicker\node_modules\jquery
505 verbose about to build C:\inetpub\wwwroot\BSSAPI\VSP\node_modules\angular-eonasdan-datetimepicker
506 info build C:\inetpub\wwwroot\BSSAPI\VSP\node_modules\angular-eonasdan-datetimepicker
507 info linkStuff angular-eonasdan-datetimepicker@0.3.9
508 silly linkStuff angular-eonasdan-datetimepicker@0.3.9 has C:\inetpub\wwwroot\BSSAPI\VSP\node_modules as its parent node_modules
509 verbose linkBins angular-eonasdan-datetimepicker@0.3.9
510 verbose linkMans angular-eonasdan-datetimepicker@0.3.9
511 verbose rebuildBundles angular-eonasdan-datetimepicker@0.3.9
512 verbose rebuildBundles [ 'angular', 'jquery' ]
513 info install angular-eonasdan-datetimepicker@0.3.9
514 info postinstall angular-eonasdan-datetimepicker@0.3.9
515 verbose readDependencies loading dependencies from C:\inetpub\wwwroot\BSSAPI\VSP\package.json
516 verbose targetResolver reading package data from C:\inetpub\wwwroot\BSSAPI\VSP\node_modules\angular-cookies\package.json
517 verbose targetResolver reading package data from C:\inetpub\wwwroot\BSSAPI\VSP\node_modules\angular-eonasdan-datetimepicker\package.json
518 verbose targetResolver reading package data from C:\inetpub\wwwroot\BSSAPI\VSP\node_modules\bootstrap\package.json
519 verbose targetResolver reading package data from C:\inetpub\wwwroot\BSSAPI\VSP\node_modules\eonasdan-bootstrap-datetimepicker\package.json
520 verbose targetResolver reading package data from C:\inetpub\wwwroot\BSSAPI\VSP\node_modules\font-awesome\package.json
521 verbose targetResolver reading package data from C:\inetpub\wwwroot\BSSAPI\VSP\node_modules\jquery\package.json
522 verbose targetResolver reading package data from C:\inetpub\wwwroot\BSSAPI\VSP\node_modules\moment\package.json
523 verbose targetResolver reading package data from C:\inetpub\wwwroot\BSSAPI\VSP\node_modules\moment-timezone\package.json
524 verbose targetResolver reading package data from C:\inetpub\wwwroot\BSSAPI\VSP\node_modules\ng-file-upload\package.json
525 verbose already installed skipping jquery@~2 C:\inetpub\wwwroot\BSSAPI\VSP
526 silly cache add args [ 'angular@*', null ]
527 verbose cache add spec angular@*
528 silly cache add parsed spec Result {
528 silly cache add   raw: 'angular@*',
528 silly cache add   scope: null,
528 silly cache add   name: 'angular',
528 silly cache add   rawSpec: '*',
528 silly cache add   spec: '*',
528 silly cache add   type: 'range' }
529 silly addNamed angular@*
530 verbose addNamed "*" is a valid semver range for angular
531 silly addNameRange { name: 'angular', range: '*', hasData: false }
532 silly mapToRegistry name angular
533 silly mapToRegistry using default registry
534 silly mapToRegistry registry https://registry.npmjs.org/
535 silly mapToRegistry data Result {
535 silly mapToRegistry   raw: 'angular',
535 silly mapToRegistry   scope: null,
535 silly mapToRegistry   name: 'angular',
535 silly mapToRegistry   rawSpec: '',
535 silly mapToRegistry   spec: 'latest',
535 silly mapToRegistry   type: 'tag' }
536 silly mapToRegistry uri https://registry.npmjs.org/angular
537 verbose addNameRange registry:https://registry.npmjs.org/angular not in flight; fetching
538 verbose get https://registry.npmjs.org/angular not expired, no request
539 silly addNameRange number 2 { name: 'angular', range: '*', hasData: true }
540 silly addNameRange versions [ 'angular',
540 silly addNameRange   [ '0.0.1',
540 silly addNameRange     '0.0.1-1',
540 silly addNameRange     '0.0.1-2',
540 silly addNameRange     '0.0.2',
540 silly addNameRange     '0.0.3',
540 silly addNameRange     '0.0.4',
540 silly addNameRange     '1.0.0',
540 silly addNameRange     '1.0.1',
540 silly addNameRange     '1.0.2',
540 silly addNameRange     '1.0.3',
540 silly addNameRange     '1.0.4',
540 silly addNameRange     '1.0.5',
540 silly addNameRange     '1.0.6',
540 silly addNameRange     '1.0.7',
540 silly addNameRange     '1.0.8',
540 silly addNameRange     '1.1.0',
540 silly addNameRange     '1.1.1',
540 silly addNameRange     '1.1.2',
540 silly addNameRange     '1.1.3',
540 silly addNameRange     '1.1.4',
540 silly addNameRange     '1.1.5',
540 silly addNameRange     '1.2.0',
540 silly addNameRange     '1.2.1',
540 silly addNameRange     '1.2.2',
540 silly addNameRange     '1.2.3',
540 silly addNameRange     '1.2.4',
540 silly addNameRange     '1.2.5',
540 silly addNameRange     '1.2.6',
540 silly addNameRange     '1.2.7',
540 silly addNameRange     '1.2.8',
540 silly addNameRange     '1.2.9',
540 silly addNameRange     '1.2.10',
540 silly addNameRange     '1.2.11',
540 silly addNameRange     '1.2.12',
540 silly addNameRange     '1.2.13',
540 silly addNameRange     '1.2.14',
540 silly addNameRange     '1.2.15',
540 silly addNameRange     '1.2.16',
540 silly addNameRange     '1.2.17',
540 silly addNameRange     '1.2.18',
540 silly addNameRange     '1.2.19',
540 silly addNameRange     '1.2.20',
540 silly addNameRange     '1.2.21',
540 silly addNameRange     '1.2.22',
540 silly addNameRange     '1.2.23',
540 silly addNameRange     '1.3.0-rc.5',
540 silly addNameRange     '1.3.0',
540 silly addNameRange     '1.3.1',
540 silly addNameRange     '1.3.2',
540 silly addNameRange     '1.3.3',
540 silly addNameRange     '1.3.4-build.3588',
540 silly addNameRange     '1.2.27',
540 silly addNameRange     '1.3.4',
540 silly addNameRange     '1.3.5',
540 silly addNameRange     '1.3.6',
540 silly addNameRange     '1.3.7',
540 silly addNameRange     '1.2.28',
540 silly addNameRange     '1.3.8',
540 silly addNameRange     '1.4.0-beta.0',
540 silly addNameRange     '1.3.9',
540 silly addNameRange     '1.3.10',
540 silly addNameRange     '1.4.0-beta.1',
540 silly addNameRange     '1.4.0-beta.2',
540 silly addNameRange     '1.3.11',
540 silly addNameRange     '1.4.0-beta.3',
540 silly addNameRange     '1.3.12',
540 silly addNameRange     '1.3.13',
540 silly addNameRange     '1.4.0-beta.4',
540 silly addNameRange     '1.3.14',
540 silly addNameRange     '1.4.0-beta.5',
540 silly addNameRange     '1.4.0-beta.6',
540 silly addNameRange     '1.3.15',
540 silly addNameRange     '1.4.0-rc.0',
540 silly addNameRange     '1.4.0-rc.1',
540 silly addNameRange     '1.4.0-rc.2',
540 silly addNameRange     '1.4.0',
540 silly addNameRange     '1.3.16',
540 silly addNameRange     '1.4.1',
540 silly addNameRange     '1.4.2',
540 silly addNameRange     '1.3.17',
540 silly addNameRange     '1.4.3',
540 silly addNameRange     '1.4.4',
540 silly addNameRange     '1.3.18',
540 silly addNameRange     '1.4.5',
540 silly addNameRange     '1.3.19',
540 silly addNameRange     '1.4.6',
540 silly addNameRange     '1.5.0-beta.0',
540 silly addNameRange     '1.2.29',
540 silly addNameRange     '1.3.20',
540 silly addNameRange     '1.4.7',
540 silly addNameRange     '1.5.0-beta.2',
540 silly addNameRange     '1.4.8',
540 silly addNameRange     '1.5.0-rc.0',
540 silly addNameRange     '1.5.0-rc.1',
540 silly addNameRange     '1.4.9',
540 silly addNameRange     '1.5.0-rc.2',
540 silly addNameRange     '1.5.0',
540 silly addNameRange     '1.5.1',
540 silly addNameRange     '1.4.10',
540 silly addNameRange     '1.5.2',
540 silly addNameRange     '1.5.3',
540 silly addNameRange     '1.5.5',
540 silly addNameRange     '1.4.11',
540 silly addNameRange     '1.5.6',
540 silly addNameRange     '1.4.12',
540 silly addNameRange     '1.5.7',
540 silly addNameRange     '1.2.30',
540 silly addNameRange     '1.5.8',
540 silly addNameRange     '1.4.13',
540 silly addNameRange     '1.2.31',
540 silly addNameRange     '1.2.32',
540 silly addNameRange     '1.4.14',
540 silly addNameRange     '1.6.0-rc.0',
540 silly addNameRange     '1.6.0-rc.1',
540 silly addNameRange     '1.5.9',
540 silly addNameRange     '1.6.0-rc.2',
540 silly addNameRange     '1.6.0',
540 silly addNameRange     '1.5.10',
540 silly addNameRange     '1.6.1',
540 silly addNameRange     '1.5.11',
540 silly addNameRange     '1.6.2' ] ]
541 silly addNamed angular@1.6.2
542 verbose addNamed "1.6.2" is a plain semver version for angular
543 silly cache afterAdd angular@1.6.2
544 verbose afterAdd C:\Users\zam\AppData\Roaming\npm-cache\angular\1.6.2\package\package.json not in flight; writing
545 verbose correctMkdir C:\Users\zam\AppData\Roaming\npm-cache correctMkdir not in flight; initializing
546 verbose afterAdd C:\Users\zam\AppData\Roaming\npm-cache\angular\1.6.2\package\package.json written
547 silly install resolved [ { name: 'angular',
547 silly install resolved     version: '1.6.2',
547 silly install resolved     description: 'HTML enhanced for web apps',
547 silly install resolved     main: 'index.js',
547 silly install resolved     scripts: { test: 'echo "Error: no test specified" && exit 1' },
547 silly install resolved     repository:
547 silly install resolved      { type: 'git',
547 silly install resolved        url: 'git+https://github.com/angular/angular.js.git' },
547 silly install resolved     keywords: [ 'angular', 'framework', 'browser', 'client-side' ],
547 silly install resolved     author:
547 silly install resolved      { name: 'Angular Core Team',
547 silly install resolved        email: 'angular-core+npm@google.com' },
547 silly install resolved     license: 'MIT',
547 silly install resolved     bugs: { url: 'https://github.com/angular/angular.js/issues' },
547 silly install resolved     homepage: 'http://angularjs.org',
547 silly install resolved     gitHead: '6588975381655e657da44fb3a573dbf48c3075d5',
547 silly install resolved     _id: 'angular@1.6.2',
547 silly install resolved     _shasum: 'd0b677242ac4bf9ae81424297c6320973af4bb5a',
547 silly install resolved     _from: 'angular@*',
547 silly install resolved     _npmVersion: '3.10.10',
547 silly install resolved     _nodeVersion: '6.9.5',
547 silly install resolved     _npmUser: { name: 'angularcore', email: 'angular-core+npm@google.com' },
547 silly install resolved     dist:
547 silly install resolved      { shasum: 'd0b677242ac4bf9ae81424297c6320973af4bb5a',
547 silly install resolved        tarball: 'https://registry.npmjs.org/angular/-/angular-1.6.2.tgz' },
547 silly install resolved     maintainers: [ [Object], [Object] ],
547 silly install resolved     _npmOperationalInternal:
547 silly install resolved      { host: 'packages-18-east.internal.npmjs.com',
547 silly install resolved        tmp: 'tmp/angular-1.6.2.tgz_1486475964759_0.46831068070605397' },
547 silly install resolved     directories: {},
547 silly install resolved     _resolved: 'https://registry.npmjs.org/angular/-/angular-1.6.2.tgz',
547 silly install resolved     readme: 'ERROR: No README data found!' } ]
548 info install angular@1.6.2 into C:\inetpub\wwwroot\BSSAPI\VSP
549 info installOne angular@1.6.2
550 verbose installOne of angular to C:\inetpub\wwwroot\BSSAPI\VSP not in flight; installing
551 verbose correctMkdir C:\Users\zam\AppData\Roaming\npm-cache\_locks correctMkdir not in flight; initializing
552 verbose lock using C:\Users\zam\AppData\Roaming\npm-cache\_locks\angular-7bb8cf9ce82c74d5.lock for C:\inetpub\wwwroot\BSSAPI\VSP\node_modules\angular
553 silly install write writing angular 1.6.2 to C:\inetpub\wwwroot\BSSAPI\VSP\node_modules\angular
554 verbose unbuild node_modules\angular
555 silly gentlyRm C:\inetpub\wwwroot\BSSAPI\VSP\node_modules\angular is being purged from base C:\inetpub\wwwroot\BSSAPI\VSP
556 verbose gentlyRm don't care about contents; nuking C:\inetpub\wwwroot\BSSAPI\VSP\node_modules\angular
557 verbose tar unpack C:\Users\zam\AppData\Roaming\npm-cache\angular\1.6.2\package.tgz
558 verbose tar unpacking to C:\inetpub\wwwroot\BSSAPI\VSP\node_modules\angular
559 silly gentlyRm C:\inetpub\wwwroot\BSSAPI\VSP\node_modules\angular is being purged
560 verbose gentlyRm don't care about contents; nuking C:\inetpub\wwwroot\BSSAPI\VSP\node_modules\angular
561 silly gunzTarPerm modes [ '777', '666' ]
562 silly gunzTarPerm extractEntry package.json
563 silly gunzTarPerm modified mode [ 'package.json', 420, 438 ]
564 silly gunzTarPerm extractEntry README.md
565 silly gunzTarPerm modified mode [ 'README.md', 420, 438 ]
566 silly gunzTarPerm extractEntry angular.js
567 silly gunzTarPerm modified mode [ 'angular.js', 420, 438 ]
568 silly gunzTarPerm extractEntry angular.min.js
569 silly gunzTarPerm modified mode [ 'angular.min.js', 420, 438 ]
570 silly gunzTarPerm extractEntry index.js
571 silly gunzTarPerm modified mode [ 'index.js', 420, 438 ]
572 silly gunzTarPerm extractEntry LICENSE.md
573 silly gunzTarPerm modified mode [ 'LICENSE.md', 420, 438 ]
574 silly gunzTarPerm extractEntry angular-csp.css
575 silly gunzTarPerm modified mode [ 'angular-csp.css', 420, 438 ]
576 silly gunzTarPerm extractEntry angular.min.js.gzip
577 silly gunzTarPerm modified mode [ 'angular.min.js.gzip', 420, 438 ]
578 silly gunzTarPerm extractEntry angular.min.js.map
579 silly gunzTarPerm modified mode [ 'angular.min.js.map', 420, 438 ]
580 silly gunzTarPerm extractEntry bower.json
581 silly gunzTarPerm modified mode [ 'bower.json', 420, 438 ]
582 verbose write writing to C:\inetpub\wwwroot\BSSAPI\VSP\node_modules\angular\package.json
583 info preinstall angular@1.6.2
584 verbose readDependencies loading dependencies from C:\inetpub\wwwroot\BSSAPI\VSP\node_modules\angular\package.json
585 verbose readDependencies loading dependencies from C:\inetpub\wwwroot\BSSAPI\VSP\node_modules\angular\package.json
586 silly install resolved []
587 verbose about to build C:\inetpub\wwwroot\BSSAPI\VSP\node_modules\angular
588 info build C:\inetpub\wwwroot\BSSAPI\VSP\node_modules\angular
589 info linkStuff angular@1.6.2
590 silly linkStuff angular@1.6.2 has C:\inetpub\wwwroot\BSSAPI\VSP\node_modules as its parent node_modules
591 verbose linkBins angular@1.6.2
592 verbose linkMans angular@1.6.2
593 verbose rebuildBundles angular@1.6.2
594 info install angular@1.6.2
595 info postinstall angular@1.6.2
596 verbose unlock done using C:\Users\zam\AppData\Roaming\npm-cache\_locks\angular-7bb8cf9ce82c74d5.lock for C:\inetpub\wwwroot\BSSAPI\VSP\node_modules\angular
597 verbose unlock done using C:\Users\zam\AppData\Roaming\npm-cache\_locks\angular-eonasdan-datetim-ec477046cae9bc16.lock for C:\inetpub\wwwroot\BSSAPI\VSP\node_modules\angular-eonasdan-datetimepicker
598 verbose validateInstall loading C:\inetpub\wwwroot\BSSAPI\VSP\package.json for validation
599 verbose stack Error: The package jquery@3.1.1 does not satisfy its siblings' peerDependencies requirements!
599 verbose stack     at C:\Program Files\nodejs\node_modules\npm\lib\install.js:125:32
599 verbose stack     at C:\Program Files\nodejs\node_modules\npm\lib\install.js:268:7
599 verbose stack     at C:\Program Files\nodejs\node_modules\npm\node_modules\read-installed\read-installed.js:142:5
599 verbose stack     at C:\Program Files\nodejs\node_modules\npm\node_modules\read-installed\read-installed.js:263:14
599 verbose stack     at cb (C:\Program Files\nodejs\node_modules\npm\node_modules\slide\lib\async-map.js:47:24)
599 verbose stack     at C:\Program Files\nodejs\node_modules\npm\node_modules\read-installed\read-installed.js:263:14
599 verbose stack     at cb (C:\Program Files\nodejs\node_modules\npm\node_modules\slide\lib\async-map.js:47:24)
599 verbose stack     at C:\Program Files\nodejs\node_modules\npm\node_modules\read-installed\read-installed.js:263:14
599 verbose stack     at asyncMap (C:\Program Files\nodejs\node_modules\npm\node_modules\slide\lib\async-map.js:27:18)
599 verbose stack     at next (C:\Program Files\nodejs\node_modules\npm\node_modules\read-installed\read-installed.js:234:5)
600 verbose cwd C:\inetpub\wwwroot\BSSAPI\VSP
601 error Windows_NT 10.0.14393
602 error argv "C:\\Program Files\\nodejs\\node.exe" "C:\\Program Files\\nodejs\\node_modules\\npm\\bin\\npm-cli.js" "install" "angular-eonasdan-datetimepicker" "--save"
603 error node v4.4.7
604 error npm  v2.15.8
605 error code EPEERINVALID
606 error peerinvalid The package jquery@3.1.1 does not satisfy its siblings' peerDependencies requirements!
606 error peerinvalid Peer eonasdan-bootstrap-datetimepicker@4.17.47 wants jquery@^1.8.3 || ^2.0 || ^3.0
606 error peerinvalid Peer angular-eonasdan-datetimepicker@0.3.9 wants jquery@~2
607 verbose exit [ 1, true ]
